<?xml version="1.0" encoding="UTF-8"?>
<!-- Generated by org.testng.reporters.JUnitXMLReporter -->
<testsuite ignored="9" hostname="DESKTOP-L72VLGA" failures="0" tests="2" name="Regression" time="0.052" errors="0" timestamp="2022-10-25T08:25:38 IST">
  <testcase classname="test.Basics1" name="demo2" time="0.008"/>
  <testcase classname="test.Basics4" name="LoginAPIHomeLoan" time="0.003"/>
  <testcase classname="test.Basics3" name="MobileSignIn" time="0.0">
    <ignored/>
  </testcase> <!-- MobileSignIn -->
  <testcase classname="test.Basics3" name="LoginAPIcarLoan" time="0.0">
    <ignored/>
  </testcase> <!-- LoginAPIcarLoan -->
  <testcase classname="test.Basics3" name="MobileSignOut" time="0.0">
    <ignored/>
  </testcase> <!-- MobileSignOut -->
  <testcase classname="test.Basics" name="Demo" time="0.0">
    <ignored/>
  </testcase> <!-- Demo -->
  <testcase classname="test.Basics4" name="MobileLoginHomeloan" time="0.0">
    <ignored/>
  </testcase> <!-- MobileLoginHomeloan -->
  <testcase classname="test.Basics3" name="WebloginCarLoan" time="0.0">
    <ignored/>
  </testcase> <!-- WebloginCarLoan -->
  <testcase classname="test.Basics" name="SecondTest" time="0.0">
    <ignored/>
  </testcase> <!-- SecondTest -->
  <testcase classname="test.Basics4" name="WebloginHomeLoan" time="0.0">
    <ignored/>
  </testcase> <!-- WebloginHomeLoan -->
  <testcase classname="test.Basics3" name="MobileLoginCarloan" time="0.0">
    <ignored/>
  </testcase> <!-- MobileLoginCarloan -->
</testsuite> <!-- Regression -->
