<?xml version="1.0" encoding="UTF-8"?>
<!-- Generated by org.testng.reporters.JUnitXMLReporter -->
<testsuite ignored="3" hostname="DESKTOP-L72VLGA" failures="0" tests="2" name="Car Loan" time="0.008" errors="0" timestamp="2022-10-19T08:15:34 IST">
  <testcase classname="test.Basics3" name="LoginAPIcarLoan" time="0.001"/>
  <testcase classname="test.Basics3" name="WebloginCarLoan" time="0.002"/>
  <testcase classname="test.Basics3" name="MobileSignIn" time="0.0">
    <ignored/>
  </testcase> <!-- MobileSignIn -->
  <testcase classname="test.Basics3" name="MobileSignOut" time="0.0">
    <ignored/>
  </testcase> <!-- MobileSignOut -->
  <testcase classname="test.Basics3" name="MobileLoginCarloan" time="0.0">
    <ignored/>
  </testcase> <!-- MobileLoginCarloan -->
</testsuite> <!-- Car Loan -->
