<?xml version="1.0" encoding="UTF-8"?>
<testng-results ignored="0" total="5" passed="3" failed="1" skipped="1">
  <reporter-output>
  </reporter-output>
  <suite started-at="2022-10-31T06:34:32 IST" name="Default suite" finished-at="2022-10-31T06:34:32 IST" duration-ms="75">
    <groups>
    </groups>
    <test started-at="2022-10-31T06:34:32 IST" name="Default test" finished-at="2022-10-31T06:34:32 IST" duration-ms="75">
      <class name="test.Basics3">
        <test-method is-config="true" signature="Bfsuite()[pri:0, instance:test.Basics3@33990a0c]" started-at="2022-10-31T06:34:32 IST" name="Bfsuite" finished-at="2022-10-31T06:34:32 IST" duration-ms="8" status="PASS">
          <reporter-output>
          </reporter-output>
        </test-method> <!-- Bfsuite -->
        <test-method is-config="true" signature="beforeclass()[pri:0, instance:test.Basics3@33990a0c]" started-at="2022-10-31T06:34:32 IST" name="beforeclass" finished-at="2022-10-31T06:34:32 IST" duration-ms="1" status="PASS">
          <reporter-output>
          </reporter-output>
        </test-method> <!-- beforeclass -->
        <test-method is-config="true" signature="beforeevery()[pri:0, instance:test.Basics3@33990a0c]" started-at="2022-10-31T06:34:32 IST" name="beforeevery" finished-at="2022-10-31T06:34:32 IST" duration-ms="0" status="PASS">
          <reporter-output>
          </reporter-output>
        </test-method> <!-- beforeevery -->
        <test-method signature="LoginAPIcarLoan()[pri:0, instance:test.Basics3@33990a0c]" started-at="2022-10-31T06:34:32 IST" name="LoginAPIcarLoan" finished-at="2022-10-31T06:34:32 IST" duration-ms="4" status="PASS">
          <reporter-output>
          </reporter-output>
        </test-method> <!-- LoginAPIcarLoan -->
        <test-method is-config="true" signature="afterevery()[pri:0, instance:test.Basics3@33990a0c]" started-at="2022-10-31T06:34:32 IST" name="afterevery" finished-at="2022-10-31T06:34:32 IST" duration-ms="0" status="PASS">
          <reporter-output>
          </reporter-output>
        </test-method> <!-- afterevery -->
        <test-method is-config="true" signature="beforeevery()[pri:0, instance:test.Basics3@33990a0c]" started-at="2022-10-31T06:34:32 IST" name="beforeevery" finished-at="2022-10-31T06:34:32 IST" duration-ms="0" status="PASS">
          <reporter-output>
          </reporter-output>
        </test-method> <!-- beforeevery -->
        <test-method signature="MobileSignOut()[pri:0, instance:test.Basics3@33990a0c]" started-at="2022-10-31T06:34:32 IST" name="MobileSignOut" finished-at="2022-10-31T06:34:32 IST" duration-ms="2" status="PASS">
          <reporter-output>
          </reporter-output>
        </test-method> <!-- MobileSignOut -->
        <test-method is-config="true" signature="afterevery()[pri:0, instance:test.Basics3@33990a0c]" started-at="2022-10-31T06:34:32 IST" name="afterevery" finished-at="2022-10-31T06:34:32 IST" duration-ms="0" status="PASS">
          <reporter-output>
          </reporter-output>
        </test-method> <!-- afterevery -->
        <test-method signature="WebloginCarLoan(java.lang.String)[pri:0, instance:test.Basics3@33990a0c]" started-at="2022-10-31T06:34:32 IST" name="WebloginCarLoan" finished-at="2022-10-31T06:34:32 IST" duration-ms="0" status="FAIL">
          <exception class="org.testng.TestNGException">
            <message>
              <![CDATA[
Parameter 'URL' is required by @Test on method WebloginCarLoan but has not been marked @Optional or defined
in C:\Users\Adv K M Varghese\AppData\Local\Temp\testng-eclipse--822878029\testng-customsuite.xml]]>
            </message>
            <full-stacktrace>
              <![CDATA[org.testng.TestNGException: 
Parameter 'URL' is required by @Test on method WebloginCarLoan but has not been marked @Optional or defined
in C:\Users\Adv K M Varghese\AppData\Local\Temp\testng-eclipse--822878029\testng-customsuite.xml
at org.testng.internal.Parameters.createParams(Parameters.java:270)
at org.testng.internal.Parameters.createParametersForMethod(Parameters.java:358)
at org.testng.internal.Parameters.createParameters(Parameters.java:700)
at org.testng.internal.Parameters.handleParameters(Parameters.java:884)
at org.testng.internal.Parameters.handleParameters(Parameters.java:740)
at org.testng.internal.ParameterHandler.handleParameters(ParameterHandler.java:59)
at org.testng.internal.ParameterHandler.createParameters(ParameterHandler.java:38)
at org.testng.internal.TestInvoker$MethodInvocationAgent.invoke(TestInvoker.java:791)
at org.testng.internal.TestInvoker.invokeTestMethods(TestInvoker.java:146)
at org.testng.internal.TestMethodWorker.invokeTestMethods(TestMethodWorker.java:146)
at org.testng.internal.TestMethodWorker.run(TestMethodWorker.java:128)
at java.base/java.util.ArrayList.forEach(ArrayList.java:1511)
at org.testng.TestRunner.privateRun(TestRunner.java:794)
at org.testng.TestRunner.run(TestRunner.java:596)
at org.testng.SuiteRunner.runTest(SuiteRunner.java:377)
at org.testng.SuiteRunner.runSequentially(SuiteRunner.java:371)
at org.testng.SuiteRunner.privateRun(SuiteRunner.java:332)
at org.testng.SuiteRunner.run(SuiteRunner.java:276)
at org.testng.SuiteRunnerWorker.runSuite(SuiteRunnerWorker.java:53)
at org.testng.SuiteRunnerWorker.run(SuiteRunnerWorker.java:96)
at org.testng.TestNG.runSuitesSequentially(TestNG.java:1212)
at org.testng.TestNG.runSuitesLocally(TestNG.java:1134)
at org.testng.TestNG.runSuites(TestNG.java:1063)
at org.testng.TestNG.run(TestNG.java:1031)
at org.testng.remote.AbstractRemoteTestNG.run(AbstractRemoteTestNG.java:115)
at org.testng.remote.RemoteTestNG.initAndRun(RemoteTestNG.java:251)
at org.testng.remote.RemoteTestNG.main(RemoteTestNG.java:77)
]]>
            </full-stacktrace>
          </exception> <!-- org.testng.TestNGException -->
          <reporter-output>
          </reporter-output>
        </test-method> <!-- WebloginCarLoan -->
        <test-method is-config="true" signature="beforeevery()[pri:0, instance:test.Basics3@33990a0c]" started-at="2022-10-31T06:34:32 IST" name="beforeevery" finished-at="2022-10-31T06:34:32 IST" duration-ms="1" status="PASS">
          <reporter-output>
          </reporter-output>
        </test-method> <!-- beforeevery -->
        <test-method signature="MobileSignIn()[pri:0, instance:test.Basics3@33990a0c]" started-at="2022-10-31T06:34:32 IST" name="MobileSignIn" finished-at="2022-10-31T06:34:32 IST" duration-ms="2" status="PASS">
          <reporter-output>
          </reporter-output>
        </test-method> <!-- MobileSignIn -->
        <test-method is-config="true" signature="afterevery()[pri:0, instance:test.Basics3@33990a0c]" started-at="2022-10-31T06:34:32 IST" name="afterevery" finished-at="2022-10-31T06:34:32 IST" duration-ms="1" status="PASS">
          <reporter-output>
          </reporter-output>
        </test-method> <!-- afterevery -->
        <test-method signature="MobileLoginCarloan()[pri:0, instance:test.Basics3@33990a0c]" started-at="2022-10-31T06:34:32 IST" name="MobileLoginCarloan" finished-at="2022-10-31T06:34:32 IST" depends-on-methods="test.Basics3.WebloginCarLoan" duration-ms="0" status="SKIP">
          <exception class="java.lang.Throwable">
            <message>
              <![CDATA[Method Basics3.MobileLoginCarloan()[pri:0, instance:test.Basics3@33990a0c] depends on not successfully finished methods]]>
            </message>
            <full-stacktrace>
              <![CDATA[java.lang.Throwable: Method Basics3.MobileLoginCarloan()[pri:0, instance:test.Basics3@33990a0c] depends on not successfully finished methods
at org.testng.internal.TestInvoker.invokeTestMethods(TestInvoker.java:102)
at org.testng.internal.TestMethodWorker.invokeTestMethods(TestMethodWorker.java:146)
at org.testng.internal.TestMethodWorker.run(TestMethodWorker.java:128)
at java.base/java.util.ArrayList.forEach(ArrayList.java:1511)
at org.testng.TestRunner.privateRun(TestRunner.java:794)
at org.testng.TestRunner.run(TestRunner.java:596)
at org.testng.SuiteRunner.runTest(SuiteRunner.java:377)
at org.testng.SuiteRunner.runSequentially(SuiteRunner.java:371)
at org.testng.SuiteRunner.privateRun(SuiteRunner.java:332)
at org.testng.SuiteRunner.run(SuiteRunner.java:276)
at org.testng.SuiteRunnerWorker.runSuite(SuiteRunnerWorker.java:53)
at org.testng.SuiteRunnerWorker.run(SuiteRunnerWorker.java:96)
at org.testng.TestNG.runSuitesSequentially(TestNG.java:1212)
at org.testng.TestNG.runSuitesLocally(TestNG.java:1134)
at org.testng.TestNG.runSuites(TestNG.java:1063)
at org.testng.TestNG.run(TestNG.java:1031)
at org.testng.remote.AbstractRemoteTestNG.run(AbstractRemoteTestNG.java:115)
at org.testng.remote.RemoteTestNG.initAndRun(RemoteTestNG.java:251)
at org.testng.remote.RemoteTestNG.main(RemoteTestNG.java:77)
]]>
            </full-stacktrace>
          </exception> <!-- java.lang.Throwable -->
          <reporter-output>
          </reporter-output>
        </test-method> <!-- MobileLoginCarloan -->
        <test-method is-config="true" signature="afterclass()[pri:0, instance:test.Basics3@33990a0c]" started-at="2022-10-31T06:34:32 IST" name="afterclass" finished-at="2022-10-31T06:34:32 IST" duration-ms="0" status="PASS">
          <reporter-output>
          </reporter-output>
        </test-method> <!-- afterclass -->
        <test-method is-config="true" signature="AftSuite()[pri:0, instance:test.Basics3@33990a0c]" started-at="2022-10-31T06:34:32 IST" name="AftSuite" finished-at="2022-10-31T06:34:32 IST" duration-ms="2" status="PASS">
          <reporter-output>
          </reporter-output>
        </test-method> <!-- AftSuite -->
      </class> <!-- test.Basics3 -->
    </test> <!-- Default test -->
  </suite> <!-- Default suite -->
</testng-results>
